INFO:root:/Users/oguz/Documents/missing_sub/tt3862844.srt being written to db...
INFO:root:Not completed!
INFO:root:/Users/oguz/Documents/missing_sub/tt0419491.srt being written to db...
INFO:root:/Users/oguz/Documents/missing_sub/tt3862844.srt being written to db...
INFO:root:Not completed!
INFO:root:/Users/oguz/Documents/missing_sub/tt0419491.srt being written to db...
INFO:root:done!
INFO:root:/Users/oguz/Documents/missing_sub/tt10503856.srt being written to db...
INFO:root:done!
INFO:root:/Users/oguz/Documents/missing_sub/tt2126210.srt being written to db...
INFO:root:done!
INFO:root:/Users/oguz/Documents/missing_sub/tt1606378.srt being written to db...
INFO:root:done!
INFO:root:/Users/oguz/Documents/missing_sub/tt1414840.srt being written to db...
INFO:root:Not completed!
INFO:root:/Users/oguz/Documents/missing_sub/tt0093832.srt being written to db...
INFO:root:Not completed!
INFO:root:/Users/oguz/Documents/missing_sub/tt2122472.srt being written to db...
INFO:root:done!
INFO:root:/Users/oguz/Documents/missing_sub/tt0488015.srt being written to db...
INFO:root:Not completed!
INFO:root:/Users/oguz/Documents/missing_sub/tt1002966.srt being written to db...
INFO:root:Not completed!
INFO:root:/Users/oguz/Documents/missing_sub/tt1403130.srt being written to db...
INFO:root:Not completed!
INFO:root:/Users/oguz/Documents/missing_sub/tt1971339.srt being written to db...
INFO:root:done!
INFO:root:/Users/oguz/Documents/missing_sub/tt0075391.srt being written to db...
INFO:root:Not completed!
INFO:root:/Users/oguz/Documents/missing_sub/tt1153043.srt being written to db...
INFO:root:done!
INFO:root:/Users/oguz/Documents/missing_sub/tt0874801.srt being written to db...
INFO:root:Not completed!
INFO:root:/Users/oguz/Documents/missing_sub/tt7912316.srt being written to db...
INFO:root:done!
INFO:root:/Users/oguz/Documents/missing_sub/tt2821880.srt being written to db...
INFO:root:Not completed!
INFO:root:/Users/oguz/Documents/missing_sub/tt2073774.srt being written to db...
INFO:root:done!
INFO:root:/Users/oguz/Documents/missing_sub/tt2975590.srt being written to db...
INFO:root:done!
INFO:root:/Users/oguz/Documents/missing_sub/tt0104352.srt being written to db...
INFO:root:done!
INFO:root:/Users/oguz/Documents/missing_sub/tt8660722.srt being written to db...
INFO:root:done!
INFO:root:/Users/oguz/Documents/missing_sub/tt5613056.srt being written to db...
INFO:root:Not completed!
INFO:root:/Users/oguz/Documents/missing_sub/tt0539768.srt being written to db...
INFO:root:Not completed!
INFO:root:/Users/oguz/Documents/missing_sub/tt6782586.srt being written to db...
INFO:root:Not completed!
INFO:root:/Users/oguz/Documents/missing_sub/tt6683854.srt being written to db...
INFO:root:Not completed!
INFO:root:/Users/oguz/Documents/missing_sub/tt0040712.srt being written to db...
INFO:root:Not completed!
INFO:root:/Users/oguz/Documents/missing_sub/tt2263720.srt being written to db...
INFO:root:Not completed!
INFO:root:/Users/oguz/Documents/missing_sub/tt7197038.srt being written to db...
INFO:root:Not completed!
INFO:root:/Users/oguz/Documents/missing_sub/tt0539781.srt being written to db...
INFO:root:Not completed!
INFO:root:/Users/oguz/Documents/missing_sub/tt8660720.srt being written to db...
INFO:root:done!
INFO:root:/Users/oguz/Documents/missing_sub/tt3824386.srt being written to db...
INFO:root:Not completed!
INFO:root:/Users/oguz/Documents/missing_sub/tt0067634.srt being written to db...
INFO:root:done!
INFO:root:/Users/oguz/Documents/missing_sub/tt0052923.srt being written to db...
INFO:root:Not completed!
INFO:root:/Users/oguz/Documents/missing_sub/tt3299604.srt being written to db...
INFO:root:Not completed!
INFO:root:/Users/oguz/Documents/missing_sub/tt0986129.srt being written to db...
INFO:root:Not completed!
INFO:root:/Users/oguz/Documents/missing_sub/tt7956184.srt being written to db...
INFO:root:done!
INFO:root:/Users/oguz/Documents/missing_sub/tt0986128.srt being written to db...
INFO:root:Not completed!
INFO:root:/Users/oguz/Documents/missing_sub/tt7650852.srt being written to db...
INFO:root:Not completed!
INFO:root:/Users/oguz/Documents/missing_sub/tt4437138.srt being written to db...
INFO:root:Not completed!
INFO:root:/Users/oguz/Documents/missing_sub/tt2484120.srt being written to db...
INFO:root:Not completed!
INFO:root:/Users/oguz/Documents/missing_sub/tt0281491.srt being written to db...
INFO:root:done!
INFO:root:/Users/oguz/Documents/missing_sub/tt10503840.srt being written to db...
INFO:root:done!
INFO:root:/Users/oguz/Documents/missing_sub/tt2162493.srt being written to db...
INFO:root:done!
INFO:root:/Users/oguz/Documents/missing_sub/tt6294892.srt being written to db...
INFO:root:Not completed!
INFO:root:/Users/oguz/Documents/missing_sub/tt8087444.srt being written to db...
INFO:root:done!
INFO:root:/Users/oguz/Documents/missing_sub/tt0438465.srt being written to db...
INFO:root:done!
INFO:root:/Users/oguz/Documents/missing_sub/tt0947162.srt being written to db...
INFO:root:Not completed!
INFO:root:/Users/oguz/Documents/missing_sub/tt6566640.srt being written to db...
INFO:root:Not completed!
INFO:root:/Users/oguz/Documents/missing_sub/tt5905202.srt being written to db...
INFO:root:done!
INFO:root:/Users/oguz/Documents/missing_sub/tt0168516.srt being written to db...
INFO:root:Not completed!
INFO:root:/Users/oguz/Documents/missing_sub/tt5466674.srt being written to db...
INFO:root:done!
INFO:root:/Users/oguz/Documents/missing_sub/tt8201460.srt being written to db...
INFO:root:done!
INFO:root:/Users/oguz/Documents/missing_sub/tt3059304.srt being written to db...
INFO:root:done!
INFO:root:/Users/oguz/Documents/missing_sub/tt3254854.srt being written to db...
INFO:root:Not completed!
INFO:root:/Users/oguz/Documents/missing_sub/tt0103002.srt being written to db...
INFO:root:Not completed!
INFO:root:/Users/oguz/Documents/missing_sub/tt0439182.srt being written to db...
INFO:root:Not completed!
INFO:root:/Users/oguz/Documents/missing_sub/tt2639756.srt being written to db...
INFO:root:Not completed!
INFO:root:/Users/oguz/Documents/missing_sub/tt2412972.srt being written to db...
INFO:root:done!
INFO:root:/Users/oguz/Documents/missing_sub/tt1043336.srt being written to db...
INFO:root:Not completed!
INFO:root:/Users/oguz/Documents/missing_sub/tt1870425.srt being written to db...
INFO:root:Not completed!
INFO:root:/Users/oguz/Documents/missing_sub/tt0039566.srt being written to db...
INFO:root:done!
INFO:root:/Users/oguz/Documents/missing_sub/tt8660718.srt being written to db...
INFO:root:done!
INFO:root:/Users/oguz/Documents/missing_sub/tt7804016.srt being written to db...
INFO:root:done!
INFO:root:/Users/oguz/Documents/missing_sub/tt2473750.srt being written to db...
INFO:root:Not completed!
INFO:root:/Users/oguz/Documents/missing_sub/tt1928116.srt being written to db...
INFO:root:Not completed!
INFO:root:/Users/oguz/Documents/missing_sub/tt0069421.srt being written to db...
INFO:root:done!
INFO:root:/Users/oguz/Documents/missing_sub/tt0082669.srt being written to db...
INFO:root:Not completed!
INFO:root:/Users/oguz/Documents/missing_sub/tt1220617.srt being written to db...
INFO:root:done!
INFO:root:/Users/oguz/Documents/missing_sub/tt1263114.srt being written to db...
INFO:root:Not completed!
INFO:root:/Users/oguz/Documents/missing_sub/tt0037171.srt being written to db...
INFO:root:done!
INFO:root:/Users/oguz/Documents/missing_sub/tt0071118.srt being written to db...
INFO:root:done!
INFO:root:/Users/oguz/Documents/missing_sub/tt2652678.srt being written to db...
INFO:root:done!
INFO:root:/Users/oguz/Documents/missing_sub/tt0103767.srt being written to db...
INFO:root:Not completed!
INFO:root:/Users/oguz/Documents/missing_sub/tt0418832.srt being written to db...
INFO:root:Not completed!
INFO:root:/Users/oguz/Documents/missing_sub/tt6786690.srt being written to db...
INFO:root:Not completed!
INFO:root:/Users/oguz/Documents/missing_sub/tt0061647.srt being written to db...
INFO:root:Not completed!
INFO:root:/Users/oguz/Documents/missing_sub/tt0114583.srt being written to db...
INFO:root:Not completed!
INFO:root:/Users/oguz/Documents/missing_sub/tt0108169.srt being written to db...
INFO:root:Not completed!
INFO:root:/Users/oguz/Documents/missing_sub/tt0023893.srt being written to db...
INFO:root:Not completed!
INFO:root:/Users/oguz/Documents/missing_sub/tt6904062.srt being written to db...
INFO:root:Not completed!
INFO:root:/Users/oguz/Documents/missing_sub/tt2401919.srt being written to db...
INFO:root:Not completed!
INFO:root:/Users/oguz/Documents/missing_sub/tt0107702.srt being written to db...
INFO:root:Not completed!
INFO:root:/Users/oguz/Documents/missing_sub/tt10503846.srt being written to db...
INFO:root:done!
INFO:root:/Users/oguz/Documents/missing_sub/tt0502704.srt being written to db...
INFO:root:Not completed!
INFO:root:/Users/oguz/Documents/missing_sub/tt8356076.srt being written to db...
INFO:root:done!
INFO:root:/Users/oguz/Documents/missing_sub/tt8503204.srt being written to db...
INFO:root:Not completed!
INFO:root:/Users/oguz/Documents/missing_sub/tt1231280.srt being written to db...
INFO:root:Not completed!
INFO:root:/Users/oguz/Documents/missing_sub/tt2368672.srt being written to db...
INFO:root:Not completed!
INFO:root:/Users/oguz/Documents/missing_sub/tt0784541.srt being written to db...
INFO:root:Not completed!
INFO:root:/Users/oguz/Documents/missing_sub/tt2077799.srt being written to db...
INFO:root:Not completed!
INFO:root:/Users/oguz/Documents/missing_sub/tt0112220.srt being written to db...
INFO:root:done!
INFO:root:/Users/oguz/Documents/missing_sub/tt4215766.srt being written to db...
INFO:root:Not completed!
INFO:root:/Users/oguz/Documents/missing_sub/tt3949644.srt being written to db...
INFO:root:done!
INFO:root:/Users/oguz/Documents/missing_sub/tt2162790.srt being written to db...
INFO:root:Not completed!
INFO:root:/Users/oguz/Documents/missing_sub/tt6454250.srt being written to db...
INFO:root:Not completed!
INFO:root:/Users/oguz/Documents/missing_sub/tt8135650.srt being written to db...
INFO:root:done!
INFO:root:/Users/oguz/Documents/missing_sub/tt6906410.srt being written to db...
INFO:root:Not completed!
INFO:root:/Users/oguz/Documents/missing_sub/tt6792132.srt being written to db...
INFO:root:Not completed!
INFO:root:/Users/oguz/Documents/missing_sub/tt0076348.srt being written to db...
INFO:root:Not completed!
INFO:root:/Users/oguz/Documents/missing_sub/tt4641248.srt being written to db...
INFO:root:done!
INFO:root:/Users/oguz/Documents/missing_sub/tt4396042.srt being written to db...
INFO:root:done!
INFO:root:/Users/oguz/Documents/missing_sub/tt7010268.srt being written to db...
INFO:root:Not completed!
INFO:root:/Users/oguz/Documents/missing_sub/tt2222494.srt being written to db...
INFO:root:done!
INFO:root:/Users/oguz/Documents/missing_sub/tt9253876.srt being written to db...
INFO:root:done!
INFO:root:/Users/oguz/Documents/missing_sub/tt8396778.srt being written to db...
INFO:root:done!
INFO:root:/Users/oguz/Documents/missing_sub/tt0220203.srt being written to db...
INFO:root:Not completed!
INFO:root:/Users/oguz/Documents/missing_sub/tt8425058.srt being written to db...
INFO:root:done!
INFO:root:/Users/oguz/Documents/missing_sub/tt0539910.srt being written to db...
INFO:root:Not completed!
INFO:root:/Users/oguz/Documents/missing_sub/tt5582794.srt being written to db...
INFO:root:done!
INFO:root:/Users/oguz/Documents/missing_sub/tt7229928.srt being written to db...
INFO:root:Not completed!
INFO:root:/Users/oguz/Documents/missing_sub/tt1217590.srt being written to db...
INFO:root:done!
INFO:root:/Users/oguz/Documents/missing_sub/tt7313322.srt being written to db...
INFO:root:done!
INFO:root:/Users/oguz/Documents/missing_sub/tt7313320.srt being written to db...
INFO:root:done!
INFO:root:/Users/oguz/Documents/missing_sub/tt0539721.srt being written to db...
INFO:root:Not completed!
INFO:root:/Users/oguz/Documents/missing_sub/tt7313308.srt being written to db...
INFO:root:done!
INFO:root:/Users/oguz/Documents/missing_sub/tt0502748.srt being written to db...
INFO:root:Not completed!
INFO:root:/Users/oguz/Documents/missing_sub/tt0479113.srt being written to db...
INFO:root:Not completed!
INFO:root:/Users/oguz/Documents/missing_sub/tt0038409.srt being written to db...
INFO:root:Not completed!
INFO:root:/Users/oguz/Documents/missing_sub/tt1620446.srt being written to db...
INFO:root:done!
INFO:root:/Users/oguz/Documents/missing_sub/tt0359715.srt being written to db...
INFO:root:Not completed!
INFO:root:/Users/oguz/Documents/missing_sub/tt9253874.srt being written to db...
INFO:root:done!
INFO:root:/Users/oguz/Documents/missing_sub/tt0063551.srt being written to db...
INFO:root:Not completed!
INFO:root:/Users/oguz/Documents/missing_sub/tt0325033.srt being written to db...
INFO:root:Not completed!
INFO:root:/Users/oguz/Documents/missing_sub/tt7519536.srt being written to db...
INFO:root:done!
INFO:root:/Users/oguz/Documents/missing_sub/tt6914764.srt being written to db...
INFO:root:done!
INFO:root:/Users/oguz/Documents/missing_sub/tt3539462.srt being written to db...
INFO:root:Not completed!
INFO:root:/Users/oguz/Documents/missing_sub/tt0539898.srt being written to db...
INFO:root:Not completed!
INFO:root:/Users/oguz/Documents/missing_sub/tt5634502.srt being written to db...
INFO:root:done!
INFO:root:/Users/oguz/Documents/missing_sub/tt4849024.srt being written to db...
INFO:root:done!
INFO:root:/Users/oguz/Documents/missing_sub/tt1930463.srt being written to db...
INFO:root:Not completed!
INFO:root:/Users/oguz/Documents/missing_sub/tt2640768.srt being written to db...
INFO:root:Not completed!
INFO:root:/Users/oguz/Documents/missing_sub/tt0105616.srt being written to db...
INFO:root:Not completed!
INFO:root:/Users/oguz/Documents/missing_sub/tt0037868.srt being written to db...
INFO:root:done!
INFO:root:/Users/oguz/Documents/missing_sub/tt6740328.srt being written to db...
INFO:root:Not completed!
INFO:root:/Users/oguz/Documents/missing_sub/tt6837546.srt being written to db...
INFO:root:Not completed!
INFO:root:/Users/oguz/Documents/missing_sub/tt4194598.srt being written to db...
INFO:root:done!
INFO:root:/Users/oguz/Documents/missing_sub/tt2560206.srt being written to db...
INFO:root:Not completed!
INFO:root:/Users/oguz/Documents/missing_sub/tt1745787.srt being written to db...
INFO:root:Not completed!
INFO:root:/Users/oguz/Documents/missing_sub/tt7054788.srt being written to db...
INFO:root:Not completed!
INFO:root:/Users/oguz/Documents/missing_sub/tt2525558.srt being written to db...
INFO:root:done!
INFO:root:/Users/oguz/Documents/missing_sub/tt0103111.srt being written to db...
INFO:root:done!
INFO:root:/Users/oguz/Documents/missing_sub/tt9291842.srt being written to db...
INFO:root:done!
INFO:root:/Users/oguz/Documents/missing_sub/tt0058139.srt being written to db...
INFO:root:Not completed!
INFO:root:/Users/oguz/Documents/missing_sub/tt3140226.srt being written to db...
INFO:root:done!
INFO:root:/Users/oguz/Documents/missing_sub/tt0017376.srt being written to db...
INFO:root:Not completed!
INFO:root:/Users/oguz/Documents/missing_sub/tt1929917.srt being written to db...
INFO:root:done!
INFO:root:/Users/oguz/Documents/missing_sub/tt0277412.srt being written to db...
INFO:root:Not completed!
INFO:root:/Users/oguz/Documents/missing_sub/tt0118079.srt being written to db...
INFO:root:Not completed!
INFO:root:/Users/oguz/Documents/missing_sub/tt0421396.srt being written to db...
INFO:root:done!
INFO:root:/Users/oguz/Documents/missing_sub/tt0463827.srt being written to db...
INFO:root:done!
INFO:root:/Users/oguz/Documents/missing_sub/tt2389162.srt being written to db...
INFO:root:Not completed!
INFO:root:/Users/oguz/Documents/missing_sub/tt8116716.srt being written to db...
INFO:root:done!
INFO:root:/Users/oguz/Documents/missing_sub/tt5335606.srt being written to db...
INFO:root:Not completed!
INFO:root:/Users/oguz/Documents/missing_sub/tt7988304.srt being written to db...
INFO:root:done!
INFO:root:/Users/oguz/Documents/missing_sub/tt7937086.srt being written to db...
INFO:root:done!
INFO:root:/Users/oguz/Documents/missing_sub/tt0118441.srt being written to db...
INFO:root:done!
INFO:root:/Users/oguz/Documents/missing_sub/tt0097172.srt being written to db...
INFO:root:done!
INFO:root:/Users/oguz/Documents/missing_sub/tt6914760.srt being written to db...
INFO:root:done!
INFO:root:/Users/oguz/Documents/missing_sub/tt0037306.srt being written to db...
INFO:root:done!
INFO:root:/Users/oguz/Documents/missing_sub/tt7326572.srt being written to db...
INFO:root:done!
INFO:root:/Users/oguz/Documents/missing_sub/tt1190910.srt being written to db...
INFO:root:Not completed!
INFO:root:/Users/oguz/Documents/missing_sub/tt5574414.srt being written to db...
INFO:root:done!
INFO:root:/Users/oguz/Documents/missing_sub/tt9253870.srt being written to db...
INFO:root:done!
INFO:root:/Users/oguz/Documents/missing_sub/tt8071798.srt being written to db...
INFO:root:done!
INFO:root:/Users/oguz/Documents/missing_sub/tt0378668.srt being written to db...
INFO:root:Not completed!
INFO:root:/Users/oguz/Documents/missing_sub/tt0092355.srt being written to db...
INFO:root:done!
INFO:root:/Users/oguz/Documents/missing_sub/tt2388725.srt being written to db...
INFO:root:Not completed!
INFO:root:/Users/oguz/Documents/missing_sub/tt7301720.srt being written to db...
INFO:root:done!
INFO:root:/Users/oguz/Documents/missing_sub/tt7264192.srt being written to db...
INFO:root:done!
INFO:root:/Users/oguz/Documents/missing_sub/tt5582790.srt being written to db...
INFO:root:done!
INFO:root:/Users/oguz/Documents/missing_sub/tt0865412.srt being written to db...
INFO:root:Not completed!
INFO:root:/Users/oguz/Documents/missing_sub/tt1334173.srt being written to db...
INFO:root:Not completed!
INFO:root:/Users/oguz/Documents/missing_sub/tt0240256.srt being written to db...
INFO:root:done!
INFO:root:/Users/oguz/Documents/missing_sub/tt1196595.srt being written to db...
INFO:root:Not completed!
INFO:root:/Users/oguz/Documents/missing_sub/tt0110546.srt being written to db...
INFO:root:done!
INFO:root:/Users/oguz/Documents/missing_sub/tt0044103.srt being written to db...
INFO:root:Not completed!
INFO:root:/Users/oguz/Documents/missing_sub/tt7128254.srt being written to db...
INFO:root:Not completed!
INFO:root:/Users/oguz/Documents/missing_sub/tt0002354.srt being written to db...
INFO:root:Not completed!
INFO:root:/Users/oguz/Documents/missing_sub/tt0026221.srt being written to db...
INFO:root:done!
INFO:root:/Users/oguz/Documents/missing_sub/tt0353161.srt being written to db...
INFO:root:done!
INFO:root:/Users/oguz/Documents/missing_sub/tt6914762.srt being written to db...
INFO:root:done!
INFO:root:/Users/oguz/Documents/missing_sub/tt0539849.srt being written to db...
INFO:root:Not completed!
INFO:root:/Users/oguz/Documents/missing_sub/tt0375824.srt being written to db...
INFO:root:done!
INFO:root:/Users/oguz/Documents/missing_sub/tt1172570.srt being written to db...
INFO:root:Not completed!
INFO:root:/Users/oguz/Documents/missing_sub/tt5572264.srt being written to db...
INFO:root:Not completed!
INFO:root:/Users/oguz/Documents/missing_sub/tt5600474.srt being written to db...
INFO:root:done!
INFO:root:/Users/oguz/Documents/missing_sub/tt4057258.srt being written to db...
INFO:root:done!
INFO:root:/Users/oguz/Documents/missing_sub/tt4369326.srt being written to db...
INFO:root:done!
INFO:root:/Users/oguz/Documents/missing_sub/tt1043342.srt being written to db...
INFO:root:Not completed!
INFO:root:/Users/oguz/Documents/missing_sub/tt3683222.srt being written to db...
INFO:root:Not completed!
INFO:root:/Users/oguz/Documents/missing_sub/tt0539726.srt being written to db...
INFO:root:Not completed!
INFO:root:/Users/oguz/Documents/missing_sub/tt3523560.srt being written to db...
INFO:root:done!
INFO:root:/Users/oguz/Documents/missing_sub/tt6788942.srt being written to db...
INFO:root:done!
INFO:root:/Users/oguz/Documents/missing_sub/tt7313316.srt being written to db...
INFO:root:done!
INFO:root:/Users/oguz/Documents/missing_sub/tt0384783.srt being written to db...
INFO:root:Not completed!
INFO:root:/Users/oguz/Documents/missing_sub/tt3700456.srt being written to db...
INFO:root:Not completed!
INFO:root:/Users/oguz/Documents/missing_sub/tt6840262.srt being written to db...
INFO:root:Not completed!
INFO:root:/Users/oguz/Documents/missing_sub/tt0039251.srt being written to db...
INFO:root:Not completed!
INFO:root:/Users/oguz/Documents/missing_sub/tt0539924.srt being written to db...
INFO:root:Not completed!
INFO:root:/Users/oguz/Documents/missing_sub/tt1224393.srt being written to db...
INFO:root:done!
INFO:root:/Users/oguz/Documents/missing_sub/tt0390245.srt being written to db...
INFO:root:done!
INFO:root:/Users/oguz/Documents/missing_sub/tt1663207.srt being written to db...
INFO:root:done!
INFO:root:/Users/oguz/Documents/missing_sub/tt1719385.srt being written to db...
INFO:root:Not completed!
INFO:root:/Users/oguz/Documents/missing_sub/tt5542802.srt being written to db...
INFO:root:Not completed!
INFO:root:/Users/oguz/Documents/missing_sub/tt5834104.srt being written to db...
INFO:root:done!
INFO:root:/Users/oguz/Documents/missing_sub/tt0015624.srt being written to db...
INFO:root:Not completed!
INFO:root:/Users/oguz/Documents/missing_sub/tt3074952.srt being written to db...
INFO:root:Not completed!
INFO:root:/Users/oguz/Documents/missing_sub/tt2661578.srt being written to db...
INFO:root:done!
INFO:root:/Users/oguz/Documents/missing_sub/tt0539844.srt being written to db...
INFO:root:Not completed!
INFO:root:/Users/oguz/Documents/missing_sub/tt0107221.srt being written to db...
INFO:root:done!
INFO:root:/Users/oguz/Documents/missing_sub/tt8353940.srt being written to db...
INFO:root:Not completed!
INFO:root:/Users/oguz/Documents/missing_sub/tt8419384.srt being written to db...
INFO:root:done!
INFO:root:/Users/oguz/Documents/missing_sub/tt0539676.srt being written to db...
INFO:root:Not completed!
INFO:root:/Users/oguz/Documents/missing_sub/tt0019745.srt being written to db...
INFO:root:done!
INFO:root:/Users/oguz/Documents/missing_sub/tt7305824.srt being written to db...
INFO:root:done!
INFO:root:/Users/oguz/Documents/missing_sub/tt7305818.srt being written to db...
INFO:root:done!
INFO:root:/Users/oguz/Documents/missing_sub/tt9253880.srt being written to db...
INFO:root:done!
INFO:root:/Users/oguz/Documents/missing_sub/tt0092428.srt being written to db...
INFO:root:done!
INFO:root:/Users/oguz/Documents/missing_sub/tt7264174.srt being written to db...
INFO:root:done!
INFO:root:/Users/oguz/Documents/missing_sub/tt0502743.srt being written to db...
INFO:root:Not completed!
INFO:root:/Users/oguz/Documents/missing_sub/tt2525550.srt being written to db...
INFO:root:done!
INFO:root:/Users/oguz/Documents/missing_sub/tt0158874.srt being written to db...
INFO:root:Not completed!
INFO:root:/Users/oguz/Documents/missing_sub/tt4320258.srt being written to db...
INFO:root:Not completed!
INFO:root:/Users/oguz/Documents/missing_sub/tt6003526.srt being written to db...
INFO:root:done!
INFO:root:/Users/oguz/Documents/missing_sub/tt4417320.srt being written to db...
INFO:root:Not completed!
INFO:root:/Users/oguz/Documents/missing_sub/tt0042384.srt being written to db...
INFO:root:Not completed!
INFO:root:/Users/oguz/Documents/missing_sub/tt6970188.srt being written to db...
INFO:root:done!
INFO:root:/Users/oguz/Documents/missing_sub/tt1433514.srt being written to db...
INFO:root:Not completed!
INFO:root:/Users/oguz/Documents/missing_sub/tt0088512.srt being written to db...
INFO:root:done!
INFO:root:/Users/oguz/Documents/missing_sub/tt9253882.srt being written to db...
INFO:root:done!
INFO:root:/Users/oguz/Documents/missing_sub/tt0283366.srt being written to db...
INFO:root:done!
INFO:root:/Users/oguz/Documents/missing_sub/tt1509677.srt being written to db...
INFO:root:done!
INFO:root:/Users/oguz/Documents/missing_sub/tt1710177.srt being written to db...
INFO:root:Not completed!
INFO:root:/Users/oguz/Documents/missing_sub/tt4834206.srt being written to db...
INFO:root:done!
INFO:root:/Users/oguz/Documents/missing_sub/tt0502621.srt being written to db...
INFO:root:Not completed!
INFO:root:/Users/oguz/Documents/missing_sub/tt0539853.srt being written to db...
INFO:root:Not completed!
INFO:root:/Users/oguz/Documents/missing_sub/tt0502634.srt being written to db...
INFO:root:Not completed!
INFO:root:/Users/oguz/Documents/missing_sub/tt4619940.srt being written to db...
INFO:root:Not completed!
INFO:root:/Users/oguz/Documents/missing_sub/tt9253868.srt being written to db...
INFO:root:done!
INFO:root:/Users/oguz/Documents/missing_sub/tt0064593.srt being written to db...
INFO:root:done!
INFO:root:/Users/oguz/Documents/missing_sub/tt2128043.srt being written to db...
INFO:root:done!
INFO:root:/Users/oguz/Documents/missing_sub/tt2343128.srt being written to db...
INFO:root:done!
INFO:root:/Users/oguz/Documents/missing_sub/tt0251355.srt being written to db...
INFO:root:Not completed!
INFO:root:/Users/oguz/Documents/missing_sub/tt4877048.srt being written to db...
INFO:root:Not completed!
INFO:root:/Users/oguz/Documents/missing_sub/tt4877074.srt being written to db...
INFO:root:Not completed!
INFO:root:/Users/oguz/Documents/missing_sub/tt4056808.srt being written to db...
INFO:root:Not completed!
INFO:root:/Users/oguz/Documents/missing_sub/tt7136312.srt being written to db...
INFO:root:Not completed!
INFO:root:/Users/oguz/Documents/missing_sub/tt0330768.srt being written to db...
INFO:root:Not completed!
INFO:root:/Users/oguz/Documents/missing_sub/tt5542592.srt being written to db...
INFO:root:done!
INFO:root:/Users/oguz/Documents/missing_sub/tt6941630.srt being written to db...
INFO:root:done!
INFO:root:/Users/oguz/Documents/missing_sub/tt6725036.srt being written to db...
INFO:root:Not completed!
INFO:root:/Users/oguz/Documents/missing_sub/tt1975283.srt being written to db...
INFO:root:Not completed!
INFO:root:/Users/oguz/Documents/missing_sub/tt1887763.srt being written to db...
INFO:root:done!
INFO:root:/Users/oguz/Documents/missing_sub/tt1527835.srt being written to db...
INFO:root:Not completed!
INFO:root:/Users/oguz/Documents/missing_sub/tt1900817.srt being written to db...
INFO:root:done!
INFO:root:/Users/oguz/Documents/missing_sub/tt0145834.srt being written to db...
INFO:root:Not completed!
INFO:root:/Users/oguz/Documents/missing_sub/tt10516984.srt being written to db...
INFO:root:Not completed!
INFO:root:/Users/oguz/Documents/missing_sub/tt0924134.srt being written to db...
INFO:root:done!
INFO:root:/Users/oguz/Documents/missing_sub/tt1992193.srt being written to db...
INFO:root:Not completed!
INFO:root:/Users/oguz/Documents/missing_sub/tt6523174.srt being written to db...
INFO:root:Not completed!
INFO:root:/Users/oguz/Documents/missing_sub/tt9253878.srt being written to db...
INFO:root:done!
INFO:root:/Users/oguz/Documents/missing_sub/tt1605769.srt being written to db...
INFO:root:Not completed!
INFO:root:/Users/oguz/Documents/missing_sub/tt2820852.srt being written to db...
INFO:root:done!
INFO:root:/Users/oguz/Documents/missing_sub/tt0502630.srt being written to db...
INFO:root:Not completed!
INFO:root:/Users/oguz/Documents/missing_sub/tt1869724.srt being written to db...
INFO:root:Not completed!
INFO:root:/Users/oguz/Documents/missing_sub/tt0291202.srt being written to db...
INFO:root:Not completed!
INFO:root:/Users/oguz/Documents/missing_sub/tt0031756.srt being written to db...
INFO:root:Not completed!
INFO:root:/Users/oguz/Documents/missing_sub/tt0377744.srt being written to db...
INFO:root:Not completed!
INFO:root:/Users/oguz/Documents/missing_sub/tt3607262.srt being written to db...
INFO:root:Not completed!
INFO:root:/Users/oguz/Documents/missing_sub/tt0003733.srt being written to db...
INFO:root:Not completed!
INFO:root:/Users/oguz/Documents/missing_sub/tt7795750.srt being written to db...
INFO:root:done!
INFO:root:/Users/oguz/Documents/missing_sub/tt0049376.srt being written to db...
INFO:root:Not completed!
INFO:root:/Users/oguz/Documents/missing_sub/tt7649820.srt being written to db...
INFO:root:Not completed!
INFO:root:/Users/oguz/Documents/missing_sub/tt0035929.srt being written to db...
INFO:root:done!
INFO:root:/Users/oguz/Documents/missing_sub/tt0293777.srt being written to db...
INFO:root:Not completed!
INFO:root:/Users/oguz/Documents/missing_sub/tt2128052.srt being written to db...
INFO:root:done!
INFO:root:/Users/oguz/Documents/missing_sub/tt1314280.srt being written to db...
INFO:root:Not completed!
INFO:root:/Users/oguz/Documents/missing_sub/tt6566398.srt being written to db...
INFO:root:done!
INFO:root:/Users/oguz/Documents/missing_sub/tt0049216.srt being written to db...
INFO:root:Not completed!
INFO:root:/Users/oguz/Documents/missing_sub/tt0112548.srt being written to db...
INFO:root:Not completed!
INFO:root:/Users/oguz/Documents/missing_sub/tt1832668.srt being written to db...
INFO:root:Not completed!
INFO:root:/Users/oguz/Documents/missing_sub/tt0091455.srt being written to db...
INFO:root:Not completed!
INFO:root:/Users/oguz/Documents/missing_sub/tt4676238.srt being written to db...
INFO:root:done!
INFO:root:/Users/oguz/Documents/missing_sub/tt3703172.srt being written to db...
INFO:root:Not completed!
INFO:root:/Users/oguz/Documents/missing_sub/tt0025641.srt being written to db...
INFO:root:Not completed!
INFO:root:/Users/oguz/Documents/missing_sub/tt3405236.srt being written to db...
INFO:root:done!
INFO:root:/Users/oguz/Documents/missing_sub/tt0770802.srt being written to db...
INFO:root:Not completed!
INFO:root:/Users/oguz/Documents/missing_sub/tt0924651.srt being written to db...
INFO:root:done!
INFO:root:/Users/oguz/Documents/missing_sub/tt7193024.srt being written to db...
INFO:root:Not completed!
INFO:root:/Users/oguz/Documents/missing_sub/tt0063589.srt being written to db...
INFO:root:Not completed!
INFO:root:/Users/oguz/Documents/missing_sub/tt4635922.srt being written to db...
INFO:root:done!
INFO:root:/Users/oguz/Documents/missing_sub/tt7305820.srt being written to db...
INFO:root:done!
INFO:root:/Users/oguz/Documents/missing_sub/tt0075664.srt being written to db...
INFO:root:Not completed!
INFO:root:/Users/oguz/Documents/missing_sub/tt0029899.srt being written to db...
INFO:root:done!
INFO:root:/Users/oguz/Documents/missing_sub/tt0024403.srt being written to db...
INFO:root:Not completed!
INFO:root:/Users/oguz/Documents/missing_sub/tt0539698.srt being written to db...
INFO:root:Not completed!
INFO:root:/Users/oguz/Documents/missing_sub/tt0370969.srt being written to db...
INFO:root:Not completed!
INFO:root:/Users/oguz/Documents/missing_sub/tt0337377.srt being written to db...
INFO:root:Not completed!
INFO:root:/Users/oguz/Documents/missing_sub/tt6135656.srt being written to db...
INFO:root:Not completed!
INFO:root:/Users/oguz/Documents/missing_sub/tt0096273.srt being written to db...
INFO:root:Not completed!
INFO:root:/Users/oguz/Documents/missing_sub/tt6777170.srt being written to db...
INFO:root:Not completed!
INFO:root:/Users/oguz/Documents/missing_sub/tt3739614.srt being written to db...
INFO:root:done!
INFO:root:/Users/oguz/Documents/missing_sub/tt2267661.srt being written to db...
INFO:root:done!
INFO:root:/Users/oguz/Documents/missing_sub/tt0024006.srt being written to db...
INFO:root:done!
INFO:root:/Users/oguz/Documents/missing_sub/tt2128045.srt being written to db...
INFO:root:done!
INFO:root:/Users/oguz/Documents/missing_sub/tt6756592.srt being written to db...
INFO:root:Not completed!
INFO:root:/Users/oguz/Documents/missing_sub/tt2389182.srt being written to db...
INFO:root:done!
INFO:root:/Users/oguz/Documents/missing_sub/tt0119185.srt being written to db...
INFO:root:done!
INFO:root:/Users/oguz/Documents/missing_sub/tt6586092.srt being written to db...
INFO:root:Not completed!
INFO:root:/Users/oguz/Documents/missing_sub/tt0086855.srt being written to db...
INFO:root:Not completed!
INFO:root:/Users/oguz/Documents/missing_sub/tt7313312.srt being written to db...
INFO:root:done!
INFO:root:/Users/oguz/Documents/missing_sub/tt0027902.srt being written to db...
INFO:root:done!
INFO:root:/Users/oguz/Documents/missing_sub/tt6052084.srt being written to db...
INFO:root:done!
INFO:root:/Users/oguz/Documents/missing_sub/tt0489048.srt being written to db...
INFO:root:Not completed!
INFO:root:/Users/oguz/Documents/missing_sub/tt8122018.srt being written to db...
INFO:root:done!
INFO:root:/Users/oguz/Documents/missing_sub/tt9895050.srt being written to db...
INFO:root:done!
INFO:root:/Users/oguz/Documents/missing_sub/tt1517549.srt being written to db...
INFO:root:done!
INFO:root:/Users/oguz/Documents/missing_sub/tt2412968.srt being written to db...
INFO:root:done!
INFO:root:/Users/oguz/Documents/missing_sub/tt7795734.srt being written to db...
INFO:root:done!
INFO:root:/Users/oguz/Documents/missing_sub/tt10286978.srt being written to db...
INFO:root:done!
INFO:root:/Users/oguz/Documents/missing_sub/tt2069136.srt being written to db...
INFO:root:done!
INFO:root:/Users/oguz/Documents/missing_sub/tt0502682.srt being written to db...
INFO:root:Not completed!
INFO:root:/Users/oguz/Documents/missing_sub/tt0085240.srt being written to db...
INFO:root:done!
INFO:root:/Users/oguz/Documents/missing_sub/tt1750269.srt being written to db...
INFO:root:Not completed!
INFO:root:/Users/oguz/Documents/missing_sub/tt1254207.srt being written to db...
INFO:root:Not completed!
INFO:root:/Users/oguz/Documents/missing_sub/tt0079986.srt being written to db...
INFO:root:Not completed!
INFO:root:/Users/oguz/Documents/missing_sub/tt0460946.srt being written to db...
INFO:root:Not completed!
INFO:root:/Users/oguz/Documents/missing_sub/tt0502640.srt being written to db...
INFO:root:Not completed!
INFO:root:/Users/oguz/Documents/missing_sub/tt0070960.srt being written to db...
INFO:root:Not completed!
INFO:root:/Users/oguz/Documents/missing_sub/tt0235923.srt being written to db...
INFO:root:Not completed!
INFO:root:/Users/oguz/Documents/missing_sub/tt10208198.srt being written to db...
INFO:root:done!
INFO:root:/Users/oguz/Documents/missing_sub/tt4648986.srt being written to db...
INFO:root:Not completed!
INFO:root:/Users/oguz/Documents/missing_sub/tt0041940.srt being written to db...
INFO:root:Not completed!
INFO:root:/Users/oguz/Documents/missing_sub/tt2125467.srt being written to db...
INFO:root:Not completed!
INFO:root:/Users/oguz/Documents/missing_sub/tt4338648.srt being written to db...
INFO:root:done!
INFO:root:/Users/oguz/Documents/missing_sub/tt0318912.srt being written to db...
INFO:root:done!
INFO:root:/Users/oguz/Documents/missing_sub/tt1043339.srt being written to db...
INFO:root:Not completed!
INFO:root:/Users/oguz/Documents/missing_sub/tt4077118.srt being written to db...
INFO:root:done!
INFO:root:/Users/oguz/Documents/missing_sub/tt5779286.srt being written to db...
INFO:root:done!
INFO:root:/Users/oguz/Documents/missing_sub/tt4820364.srt being written to db...
INFO:root:Not completed!
INFO:root:/Users/oguz/Documents/missing_sub/tt10503860.srt being written to db...
INFO:root:done!
INFO:root:/Users/oguz/Documents/missing_sub/tt0502722.srt being written to db...
INFO:root:Not completed!
INFO:root:/Users/oguz/Documents/missing_sub/tt0104365.srt being written to db...
INFO:root:Not completed!
INFO:root:/Users/oguz/Documents/missing_sub/tt0039796.srt being written to db...
INFO:root:Not completed!
INFO:root:/Users/oguz/Documents/missing_sub/tt0109127.srt being written to db...
INFO:root:done!
INFO:root:/Users/oguz/Documents/missing_sub/tt0457290.srt being written to db...
INFO:root:done!
INFO:root:/Users/oguz/Documents/missing_sub/tt1148291.srt being written to db...
INFO:root:Not completed!
INFO:root:/Users/oguz/Documents/missing_sub/tt2122518.srt being written to db...
INFO:root:Not completed!
INFO:root:/Users/oguz/Documents/missing_sub/tt1279976.srt being written to db...
INFO:root:Not completed!
INFO:root:/Users/oguz/Documents/missing_sub/tt4649250.srt being written to db...
INFO:root:Not completed!
INFO:root:/Users/oguz/Documents/missing_sub/tt8453788.srt being written to db...
INFO:root:done!
INFO:root:/Users/oguz/Documents/missing_sub/tt7805926.srt being written to db...
INFO:root:done!
INFO:root:/Users/oguz/Documents/missing_sub/tt4670016.srt being written to db...
INFO:root:Not completed!
INFO:root:/Users/oguz/Documents/missing_sub/tt0986134.srt being written to db...
INFO:root:Not completed!
INFO:root:/Users/oguz/Documents/missing_sub/tt1727790.srt being written to db...
INFO:root:Not completed!
INFO:root:/Users/oguz/Documents/missing_sub/tt0502656.srt being written to db...
INFO:root:Not completed!
INFO:root:/Users/oguz/Documents/missing_sub/tt3911902.srt being written to db...
INFO:root:Not completed!
INFO:root:/Users/oguz/Documents/missing_sub/tt0502657.srt being written to db...
INFO:root:Not completed!
INFO:root:/Users/oguz/Documents/missing_sub/tt0986135.srt being written to db...
INFO:root:Not completed!
INFO:root:/Users/oguz/Documents/missing_sub/tt0435776.srt being written to db...
INFO:root:done!
INFO:root:/Users/oguz/Documents/missing_sub/tt0168453.srt being written to db...
INFO:root:Not completed!
INFO:root:/Users/oguz/Documents/missing_sub/tt10042770.srt being written to db...
INFO:root:done!
INFO:root:/Users/oguz/Documents/missing_sub/tt1727578.srt being written to db...
INFO:root:Not completed!
INFO:root:/Users/oguz/Documents/missing_sub/tt3714720.srt being written to db...
INFO:root:Not completed!
INFO:root:/Users/oguz/Documents/missing_sub/tt7664718.srt being written to db...
INFO:root:done!
INFO:root:/Users/oguz/Documents/missing_sub/tt6269484.srt being written to db...
INFO:root:done!
INFO:root:/Users/oguz/Documents/missing_sub/tt2525644.srt being written to db...
INFO:root:Not completed!
INFO:root:/Users/oguz/Documents/missing_sub/tt0093178.srt being written to db...
INFO:root:done!
INFO:root:/Users/oguz/Documents/missing_sub/tt2101277.srt being written to db...
INFO:root:done!
INFO:root:/Users/oguz/Documents/missing_sub/tt0084362.srt being written to db...
INFO:root:Not completed!
INFO:root:/Users/oguz/Documents/missing_sub/tt5969074.srt being written to db...
INFO:root:done!
INFO:root:/Users/oguz/Documents/missing_sub/tt6114206.srt being written to db...
INFO:root:done!
INFO:root:/Users/oguz/Documents/missing_sub/tt2006450.srt being written to db...
INFO:root:Not completed!
INFO:root:/Users/oguz/Documents/missing_sub/tt9895046.srt being written to db...
INFO:root:done!
INFO:root:/Users/oguz/Documents/missing_sub/tt6522580.srt being written to db...
INFO:root:done!
INFO:root:/Users/oguz/Documents/missing_sub/tt2090181.srt being written to db...
INFO:root:done!
INFO:root:/Users/oguz/Documents/missing_sub/tt6925316.srt being written to db...
INFO:root:done!
INFO:root:/Users/oguz/Documents/missing_sub/tt0081178.srt being written to db...
INFO:root:Not completed!
INFO:root:/Users/oguz/Documents/missing_sub/tt9291838.srt being written to db...
INFO:root:done!
INFO:root:/Users/oguz/Documents/missing_sub/tt0025153.srt being written to db...
INFO:root:Not completed!
INFO:root:/Users/oguz/Documents/missing_sub/tt2343417.srt being written to db...
INFO:root:done!
INFO:root:/Users/oguz/Documents/missing_sub/tt0037219.srt being written to db...
INFO:root:done!
INFO:root:/Users/oguz/Documents/missing_sub/tt0289229.srt being written to db...
ERROR:root:incorrect time format: 01:07:60,000
INFO:root:Not completed!
INFO:root:/Users/oguz/Documents/missing_sub/tt0568065.srt being written to db...
INFO:root:Not completed!
INFO:root:/Users/oguz/Documents/missing_sub/tt0058379.srt being written to db...
INFO:root:done!
INFO:root:/Users/oguz/Documents/missing_sub/tt0098820.srt being written to db...
INFO:root:done!
INFO:root:/Users/oguz/Documents/missing_sub/tt3621760.srt being written to db...
INFO:root:Not completed!
INFO:root:/Users/oguz/Documents/missing_sub/tt0986131.srt being written to db...
INFO:root:done!
INFO:root:/Users/oguz/Documents/missing_sub/tt3913650.srt being written to db...
INFO:root:Not completed!
INFO:root:/Users/oguz/Documents/missing_sub/tt0019735.srt being written to db...
INFO:root:done!
INFO:root:/Users/oguz/Documents/missing_sub/tt0502652.srt being written to db...
INFO:root:Not completed!
INFO:root:/Users/oguz/Documents/missing_sub/tt5675280.srt being written to db...
INFO:root:Not completed!
INFO:root:/Users/oguz/Documents/missing_sub/tt0100503.srt being written to db...
INFO:root:Not completed!
INFO:root:/Users/oguz/Documents/missing_sub/tt4471388.srt being written to db...
INFO:root:done!
INFO:root:/Users/oguz/Documents/missing_sub/tt0040641.srt being written to db...
INFO:root:done!
INFO:root:/Users/oguz/Documents/missing_sub/tt5444998.srt being written to db...
INFO:root:done!
INFO:root:/Users/oguz/Documents/missing_sub/tt0986130.srt being written to db...
INFO:root:Not completed!
INFO:root:/Users/oguz/Documents/missing_sub/tt0067017.srt being written to db...
INFO:root:Not completed!
INFO:root:/Users/oguz/Documents/missing_sub/tt2160049.srt being written to db...
INFO:root:done!
INFO:root:/Users/oguz/Documents/missing_sub/tt0080908.srt being written to db...
INFO:root:Not completed!
INFO:root:/Users/oguz/Documents/missing_sub/tt0371949.srt being written to db...
INFO:root:Not completed!
INFO:root:/Users/oguz/Documents/missing_sub/tt0499260.srt being written to db...
INFO:root:Not completed!
INFO:root:/Users/oguz/Documents/missing_sub/tt0049063.srt being written to db...
INFO:root:Not completed!
INFO:root:/Users/oguz/Documents/missing_sub/tt0060383.srt being written to db...
INFO:root:Not completed!
INFO:root:/Users/oguz/Documents/missing_sub/tt1912518.srt being written to db...
INFO:root:Not completed!
INFO:root:/Users/oguz/Documents/missing_sub/tt2968902.srt being written to db...
INFO:root:done!
INFO:root:/Users/oguz/Documents/missing_sub/tt1729630.srt being written to db...
INFO:root:done!
INFO:root:/Users/oguz/Documents/missing_sub/tt0118979.srt being written to db...
INFO:root:Not completed!
INFO:root:/Users/oguz/Documents/missing_sub/tt0097292.srt being written to db...
INFO:root:done!
INFO:root:/Users/oguz/Documents/missing_sub/tt0838233.srt being written to db...
INFO:root:Not completed!
INFO:root:/Users/oguz/Documents/missing_sub/tt9144476.srt being written to db...
INFO:root:done!
INFO:root:/Users/oguz/Documents/missing_sub/tt5970278.srt being written to db...
INFO:root:done!
INFO:root:/Users/oguz/Documents/missing_sub/tt10286996.srt being written to db...
INFO:root:done!
INFO:root:/Users/oguz/Documents/missing_sub/tt1499201.srt being written to db...
INFO:root:Not completed!
INFO:root:/Users/oguz/Documents/missing_sub/tt4460046.srt being written to db...
INFO:root:Not completed!
INFO:root:/Users/oguz/Documents/missing_sub/tt0986126.srt being written to db...
INFO:root:Not completed!
INFO:root:/Users/oguz/Documents/missing_sub/tt0986132.srt being written to db...
INFO:root:Not completed!
INFO:root:/Users/oguz/Documents/missing_sub/tt0049100.srt being written to db...
INFO:root:Not completed!
INFO:root:/Users/oguz/Documents/missing_sub/tt7822178.srt being written to db...
INFO:root:done!
INFO:root:/Users/oguz/Documents/missing_sub/tt0502686.srt being written to db...
INFO:root:Not completed!
INFO:root:/Users/oguz/Documents/missing_sub/tt0986133.srt being written to db...
INFO:root:Not completed!
INFO:root:/Users/oguz/Documents/missing_sub/tt0986127.srt being written to db...
INFO:root:Not completed!
INFO:root:/Users/oguz/Documents/missing_sub/tt7928694.srt being written to db...
INFO:root:done!
INFO:root:/Users/oguz/Documents/missing_sub/tt1841584.srt being written to db...
INFO:root:done!
INFO:root:/Users/oguz/Documents/missing_sub/tt2490012.srt being written to db...
INFO:root:Not completed!
INFO:root:/Users/oguz/Documents/missing_sub/tt0502731.srt being written to db...
INFO:root:Not completed!
INFO:root:/Users/oguz/Documents/missing_sub/tt0277687.srt being written to db...
INFO:root:Not completed!
INFO:root:/Users/oguz/Documents/missing_sub/tt0099902.srt being written to db...
INFO:root:Not completed!
INFO:root:/Users/oguz/Documents/missing_sub/tt0110854.srt being written to db...
INFO:root:Not completed!
INFO:root:/Users/oguz/Documents/missing_sub/tt1335992.srt being written to db...
INFO:root:Not completed!
